Using pre-set license
Built from '2021.3/staging' branch; Version is '2021.3.19f1 (c9714fde33b6) revision 13201743'; Using compiler version '192829333'; Build Type 'Release'
OS: 'Windows 10  (10.0.19044) 64bit Core' Language: 'pl' Physical Memory: 16323 MB
BatchMode: 1, IsHumanControllingUs: 0, StartBugReporterOnCrash: 0, Is64bit: 1, IsPro: 1

COMMAND LINE ARGUMENTS:
E:\Unity editor\2021.3.19f1\Editor\Unity.exe
-adb2
-batchMode
-noUpm
-name
AssetImportWorker0
-projectPath
E:/gim/Lab7
-logFile
Logs/AssetImportWorker0.log
-srvPort
50540
Successfully changed project path to: E:/gim/Lab7
E:/gim/Lab7
[UnityMemory] Configuration Parameters - Can be set up in boot.config
    "memorysetup-bucket-allocator-granularity=16"
    "memorysetup-bucket-allocator-bucket-count=8"
    "memorysetup-bucket-allocator-block-size=33554432"
    "memorysetup-bucket-allocator-block-count=8"
    "memorysetup-main-allocator-block-size=16777216"
    "memorysetup-thread-allocator-block-size=16777216"
    "memorysetup-gfx-main-allocator-block-size=16777216"
    "memorysetup-gfx-thread-allocator-block-size=16777216"
    "memorysetup-cache-allocator-block-size=4194304"
    "memorysetup-typetree-allocator-block-size=2097152"
    "memorysetup-profiler-bucket-allocator-granularity=16"
    "memorysetup-profiler-bucket-allocator-bucket-count=8"
    "memorysetup-profiler-bucket-allocator-block-size=33554432"
    "memorysetup-profiler-bucket-allocator-block-count=8"
    "memorysetup-profiler-allocator-block-size=16777216"
    "memorysetup-profiler-editor-allocator-block-size=1048576"
    "memorysetup-temp-allocator-size-main=16777216"
    "memorysetup-job-temp-allocator-block-size=2097152"
    "memorysetup-job-temp-allocator-block-size-background=1048576"
    "memorysetup-job-temp-allocator-reduction-small-platforms=262144"
    "memorysetup-temp-allocator-size-background-worker=32768"
    "memorysetup-temp-allocator-size-job-worker=262144"
    "memorysetup-temp-allocator-size-preload-manager=33554432"
    "memorysetup-temp-allocator-size-nav-mesh-worker=65536"
    "memorysetup-temp-allocator-size-audio-worker=65536"
    "memorysetup-temp-allocator-size-cloud-worker=32768"
    "memorysetup-temp-allocator-size-gi-baking-worker=262144"
    "memorysetup-temp-allocator-size-gfx=262144"
Player connection [17632] Host "[IP] 192.168.3.5 [Port] 0 [Flags] 2 [Guid] 1559239155 [EditorId] 1559239155 [Version] 1048832 [Id] WindowsEditor(7,DESKTOP-T4FBCSN) [Debug] 1 [PackageName] WindowsEditor [ProjectName] Editor" joined multi-casting on [225.0.0.222:54997]...

Player connection [17632] Host "[IP] 192.168.3.5 [Port] 0 [Flags] 2 [Guid] 1559239155 [EditorId] 1559239155 [Version] 1048832 [Id] WindowsEditor(7,DESKTOP-T4FBCSN) [Debug] 1 [PackageName] WindowsEditor [ProjectName] Editor" joined alternative multi-casting on [225.0.0.222:34997]...

Refreshing native plugins compatible for Editor in 154.44 ms, found 2 plugins.
Preloading 0 native plugins for Editor in 0.00 ms.
Initialize engine version: 2021.3.19f1 (c9714fde33b6)
[Subsystems] Discovering subsystems at path E:/Unity editor/2021.3.19f1/Editor/Data/Resources/UnitySubsystems
[Subsystems] Discovering subsystems at path E:/gim/Lab7/Assets
GfxDevice: creating device client; threaded=0; jobified=0
Direct3D:
    Version:  Direct3D 11.0 [level 11.1]
    Renderer: NVIDIA GeForce GTX 1660 Ti (ID=0x2182)
    Vendor:   NVIDIA
    VRAM:     5979 MB
    Driver:   31.0.15.3168
Initialize mono
Mono path[0] = 'E:/Unity editor/2021.3.19f1/Editor/Data/Managed'
Mono path[1] = 'E:/Unity editor/2021.3.19f1/Editor/Data/MonoBleedingEdge/lib/mono/unityjit-win32'
Mono config path = 'E:/Unity editor/2021.3.19f1/Editor/Data/MonoBleedingEdge/etc'
Using monoOptions --debugger-agent=transport=dt_socket,embedding=1,server=y,suspend=n,address=127.0.0.1:56680
Begin MonoManager ReloadAssembly
Registering precompiled unity dll's ...
Register platform support module: E:/Unity editor/2021.3.19f1/Editor/Data/PlaybackEngines/WebGLSupport/UnityEditor.WebGL.Extensions.dll
Register platform support module: E:/Unity editor/2021.3.19f1/Editor/Data/PlaybackEngines/WindowsStandaloneSupport/UnityEditor.WindowsStandalone.Extensions.dll
Registered in 0.003101 seconds.
Native extension for WindowsStandalone target not found
Native extension for WebGL target not found
Refreshing native plugins compatible for Editor in 37.17 ms, found 2 plugins.
Preloading 0 native plugins for Editor in 0.00 ms.
Mono: successfully reloaded assembly
- Completed reload, in  0.591 seconds
Domain Reload Profiling:
	ReloadAssembly (592ms)
		BeginReloadAssembly (76ms)
			ExecutionOrderSort (0ms)
			DisableScriptedObjects (0ms)
			BackupInstance (0ms)
			ReleaseScriptingObjects (0ms)
			CreateAndSetChildDomain (1ms)
		EndReloadAssembly (415ms)
			LoadAssemblies (75ms)
			RebuildTransferFunctionScriptingTraits (0ms)
			SetupTypeCache (106ms)
			ReleaseScriptCaches (0ms)
			RebuildScriptCaches (27ms)
			SetupLoadedEditorAssemblies (237ms)
				LogAssemblyErrors (0ms)
				InitializePlatformSupportModulesInManaged (7ms)
				SetLoadedEditorAssemblies (0ms)
				RefreshPlugins (37ms)
				BeforeProcessingInitializeOnLoad (1ms)
				ProcessInitializeOnLoadAttributes (145ms)
				ProcessInitializeOnLoadMethodAttributes (46ms)
				AfterProcessingInitializeOnLoad (0ms)
				EditorAssembliesLoaded (0ms)
			ExecutionOrderSort2 (0ms)
			AwakeInstancesAfterBackupRestoration (0ms)
Platform modules already initialized, skipping
Registering precompiled user dll's ...
Registered in 0.006946 seconds.
Begin MonoManager ReloadAssembly
Native extension for WindowsStandalone target not found
Native extension for WebGL target not found
Refreshing native plugins compatible for Editor in 0.59 ms, found 2 plugins.
Preloading 0 native plugins for Editor in 0.00 ms.
Mono: successfully reloaded assembly
- Completed reload, in  1.020 seconds
Domain Reload Profiling:
	ReloadAssembly (1021ms)
		BeginReloadAssembly (144ms)
			ExecutionOrderSort (0ms)
			DisableScriptedObjects (7ms)
			BackupInstance (0ms)
			ReleaseScriptingObjects (0ms)
			CreateAndSetChildDomain (28ms)
		EndReloadAssembly (772ms)
			LoadAssemblies (100ms)
			RebuildTransferFunctionScriptingTraits (0ms)
			SetupTypeCache (192ms)
			ReleaseScriptCaches (0ms)
			RebuildScriptCaches (45ms)
			SetupLoadedEditorAssemblies (421ms)
				LogAssemblyErrors (0ms)
				InitializePlatformSupportModulesInManaged (4ms)
				SetLoadedEditorAssemblies (0ms)
				RefreshPlugins (1ms)
				BeforeProcessingInitializeOnLoad (59ms)
				ProcessInitializeOnLoadAttributes (224ms)
				ProcessInitializeOnLoadMethodAttributes (130ms)
				AfterProcessingInitializeOnLoad (3ms)
				EditorAssembliesLoaded (0ms)
			ExecutionOrderSort2 (0ms)
			AwakeInstancesAfterBackupRestoration (6ms)
Platform modules already initialized, skipping
========================================================================
Worker process is ready to serve import requests
Launched and connected shader compiler UnityShaderCompiler.exe after 0.04 seconds
Refreshing native plugins compatible for Editor in 0.65 ms, found 2 plugins.
Preloading 0 native plugins for Editor in 0.00 ms.
Unloading 2325 Unused Serialized files (Serialized files now loaded: 0)
Unloading 60 unused Assets / (57.2 KB). Loaded Objects now: 2759.
Memory consumption went from 88.6 MB to 88.5 MB.
Total: 5.330100 ms (FindLiveObjects: 0.194200 ms CreateObjectMapping: 0.108400 ms MarkObjects: 4.932000 ms  DeleteObjects: 0.094300 ms)

AssetImportParameters requested are different than current active one (requested -> active):
  custom:video-decoder-ogg-theora: a1e56fd34408186e4bbccfd4996cb3dc -> 
  custom:container-muxer-webm: aa71ff27fc2769a1b78a27578f13a17b -> 
  custom:container-demuxer-webm: 4f35f7cbe854078d1ac9338744f61a02 -> 
  custom:video-encoder-webm-vp8: eb34c28f22e8b96e1ab97ce403110664 -> 
  custom:audio-encoder-webm-vorbis: bf7c407c2cedff20999df2af8eb42d56 -> 
  custom:framework-win-MediaFoundation: 216162199b28c13a410421893ffa2e32 -> 
  custom:container-demuxer-ogg: 62fdf1f143b41e24485cea50d1cbac27 -> 
  custom:video-decoder-webm-vp8: 9c59270c3fd7afecdb556c50c9e8de78 -> 
  custom:audio-decoder-ogg-vorbis: bf7c407c2cedff20999df2af8eb42d56 -> 
========================================================================
Received Import Request.
  Time since last request: 1691.167731 seconds.
  path: Assets/New Material.mat
  artifactKey: Guid(7575629d1c611cf478f441bcac326640) Importer(815301076,1909f56bfc062723c751e8b465ee728b)
Start importing Assets/New Material.mat using Guid(7575629d1c611cf478f441bcac326640) Importer(815301076,1909f56bfc062723c751e8b465ee728b)  -> (artifact id: 'd469205d94d0e15d2f6eeb17effb45cf') in 0.455757 seconds 
========================================================================
Received Import Request.
  Time since last request: 0.000042 seconds.
  path: Assets/snowflake-png-image-5a3ad4958be5f3.4810807415138049495732226 (1).jpg
  artifactKey: Guid(043e570ea9f3df049be83d1e615e8a06) Importer(815301076,1909f56bfc062723c751e8b465ee728b)
Start importing Assets/snowflake-png-image-5a3ad4958be5f3.4810807415138049495732226 (1).jpg using Guid(043e570ea9f3df049be83d1e615e8a06) Importer(815301076,1909f56bfc062723c751e8b465ee728b)  -> (artifact id: '0004bd1ef70bc8d7a484ae9cac52684d') in 0.055723 seconds 
========================================================================
Received Import Request.
  Time since last request: 0.000030 seconds.
  path: Assets/rainMat.mat
  artifactKey: Guid(19a042343004df54ebbf7140ae34d102) Importer(815301076,1909f56bfc062723c751e8b465ee728b)
Start importing Assets/rainMat.mat using Guid(19a042343004df54ebbf7140ae34d102) Importer(815301076,1909f56bfc062723c751e8b465ee728b)  -> (artifact id: '7724c7652e65bfb03e36b80f9c8622af') in 0.087051 seconds 
========================================================================
Received Import Request.
  Time since last request: 0.000014 seconds.
  path: Assets/snowflakes_transparent_png_1269279.png
  artifactKey: Guid(0db822ced7a18fb46920137178d7ac05) Importer(815301076,1909f56bfc062723c751e8b465ee728b)
Start importing Assets/snowflakes_transparent_png_1269279.png using Guid(0db822ced7a18fb46920137178d7ac05) Importer(815301076,1909f56bfc062723c751e8b465ee728b)  -> (artifact id: '883924f3114f2645a55bb7756d940c8f') in 0.007612 seconds 
========================================================================
Received Import Request.
  Time since last request: 0.000015 seconds.
  path: Assets/snowy_park_01_4k.hdr
  artifactKey: Guid(81eaf8e7a5566204597878c24ceb7509) Importer(815301076,1909f56bfc062723c751e8b465ee728b)
Start importing Assets/snowy_park_01_4k.hdr using Guid(81eaf8e7a5566204597878c24ceb7509) Importer(815301076,1909f56bfc062723c751e8b465ee728b)  -> (artifact id: '78b91c1c9ef9476ec04b3c6b90e24267') in 0.065671 seconds 
========================================================================
Received Import Request.
  Time since last request: 0.000019 seconds.
  path: Assets/ground.mat
  artifactKey: Guid(bae8b952ac2e0784d832868ebdf5e580) Importer(815301076,1909f56bfc062723c751e8b465ee728b)
Start importing Assets/ground.mat using Guid(bae8b952ac2e0784d832868ebdf5e580) Importer(815301076,1909f56bfc062723c751e8b465ee728b)  -> (artifact id: '83d3706469f68132ee105765a9d19fa9') in 0.215519 seconds 
========================================================================
Received Import Request.
  Time since last request: 0.000015 seconds.
  path: Assets/WaterDrop2.jpg
  artifactKey: Guid(9ece773a29da2e64fbfc6059a231fdea) Importer(815301076,1909f56bfc062723c751e8b465ee728b)
Start importing Assets/WaterDrop2.jpg using Guid(9ece773a29da2e64fbfc6059a231fdea) Importer(815301076,1909f56bfc062723c751e8b465ee728b)  -> (artifact id: 'f58d9182fa70485ef9883947bf793ca9') in 0.006373 seconds 
========================================================================
Received Import Request.
  Time since last request: 0.000021 seconds.
  path: Assets/rain.mat
  artifactKey: Guid(882d4acb94d497c4bbd023c3b6147dff) Importer(815301076,1909f56bfc062723c751e8b465ee728b)
Start importing Assets/rain.mat using Guid(882d4acb94d497c4bbd023c3b6147dff) Importer(815301076,1909f56bfc062723c751e8b465ee728b)  -> (artifact id: 'd4fd90334c52ddedeba72c6985e3a135') in 0.058038 seconds 
========================================================================
Received Import Request.
  Time since last request: 0.000022 seconds.
  path: Assets/snow.mat
  artifactKey: Guid(7b33b8cb35314324fa8e1b8d1fa533ba) Importer(815301076,1909f56bfc062723c751e8b465ee728b)
Start importing Assets/snow.mat using Guid(7b33b8cb35314324fa8e1b8d1fa533ba) Importer(815301076,1909f56bfc062723c751e8b465ee728b)  -> (artifact id: '912f212b7dc2037d069efd6e5e394680') in 0.010781 seconds 
========================================================================
Received Import Request.
  Time since last request: 0.000019 seconds.
  path: Assets/snowflake.png
  artifactKey: Guid(4c65b2c7e55b86d4ebae1b6920399e0e) Importer(815301076,1909f56bfc062723c751e8b465ee728b)
Start importing Assets/snowflake.png using Guid(4c65b2c7e55b86d4ebae1b6920399e0e) Importer(815301076,1909f56bfc062723c751e8b465ee728b)  -> (artifact id: '68b10019555e60c01b1afe6b1b58f98c') in 0.009328 seconds 
========================================================================
Received Import Request.
  Time since last request: 0.000025 seconds.
  path: Assets/rainTex.png
  artifactKey: Guid(8c40b8bb98133a241aed24b755da17bc) Importer(815301076,1909f56bfc062723c751e8b465ee728b)
Start importing Assets/rainTex.png using Guid(8c40b8bb98133a241aed24b755da17bc) Importer(815301076,1909f56bfc062723c751e8b465ee728b)  -> (artifact id: 'b26a9fca9bc10b4887e38bc1119bb1f9') in 0.010542 seconds 
========================================================================
Received Import Request.
  Time since last request: 0.000016 seconds.
  path: Assets/rain.png
  artifactKey: Guid(2b819deb576a59044aa458d91d502454) Importer(815301076,1909f56bfc062723c751e8b465ee728b)
Start importing Assets/rain.png using Guid(2b819deb576a59044aa458d91d502454) Importer(815301076,1909f56bfc062723c751e8b465ee728b)  -> (artifact id: 'cd1056ce4df459ada20e1edbb9c9f316') in 0.007482 seconds 
========================================================================
Received Prepare
Registering precompiled user dll's ...
Registered in 0.004806 seconds.
Begin MonoManager ReloadAssembly
Native extension for WindowsStandalone target not found
Native extension for WebGL target not found
Refreshing native plugins compatible for Editor in 0.58 ms, found 2 plugins.
Preloading 0 native plugins for Editor in 0.00 ms.
Mono: successfully reloaded assembly
- Completed reload, in  1.041 seconds
Domain Reload Profiling:
	ReloadAssembly (1042ms)
		BeginReloadAssembly (126ms)
			ExecutionOrderSort (0ms)
			DisableScriptedObjects (6ms)
			BackupInstance (0ms)
			ReleaseScriptingObjects (0ms)
			CreateAndSetChildDomain (32ms)
		EndReloadAssembly (825ms)
			LoadAssemblies (92ms)
			RebuildTransferFunctionScriptingTraits (0ms)
			SetupTypeCache (202ms)
			ReleaseScriptCaches (1ms)
			RebuildScriptCaches (63ms)
			SetupLoadedEditorAssemblies (431ms)
				LogAssemblyErrors (0ms)
				InitializePlatformSupportModulesInManaged (11ms)
				SetLoadedEditorAssemblies (0ms)
				RefreshPlugins (1ms)
				BeforeProcessingInitializeOnLoad (68ms)
				ProcessInitializeOnLoadAttributes (216ms)
				ProcessInitializeOnLoadMethodAttributes (132ms)
				AfterProcessingInitializeOnLoad (2ms)
				EditorAssembliesLoaded (0ms)
			ExecutionOrderSort2 (0ms)
			AwakeInstancesAfterBackupRestoration (6ms)
Platform modules already initialized, skipping
Refreshing native plugins compatible for Editor in 3.76 ms, found 2 plugins.
Preloading 0 native plugins for Editor in 0.00 ms.
Unloading 2319 Unused Serialized files (Serialized files now loaded: 0)
Unloading 49 unused Assets / (25.8 KB). Loaded Objects now: 2809.
Memory consumption went from 92.7 MB to 92.6 MB.
Total: 5.347400 ms (FindLiveObjects: 0.163300 ms CreateObjectMapping: 0.096500 ms MarkObjects: 5.053400 ms  DeleteObjects: 0.032500 ms)

AssetImportParameters requested are different than current active one (requested -> active):
  custom:video-decoder-ogg-theora: a1e56fd34408186e4bbccfd4996cb3dc -> 
  custom:container-muxer-webm: aa71ff27fc2769a1b78a27578f13a17b -> 
  custom:container-demuxer-webm: 4f35f7cbe854078d1ac9338744f61a02 -> 
  custom:video-encoder-webm-vp8: eb34c28f22e8b96e1ab97ce403110664 -> 
  custom:audio-encoder-webm-vorbis: bf7c407c2cedff20999df2af8eb42d56 -> 
  custom:framework-win-MediaFoundation: 216162199b28c13a410421893ffa2e32 -> 
  custom:container-demuxer-ogg: 62fdf1f143b41e24485cea50d1cbac27 -> 
  custom:video-decoder-webm-vp8: 9c59270c3fd7afecdb556c50c9e8de78 -> 
  custom:audio-decoder-ogg-vorbis: bf7c407c2cedff20999df2af8eb42d56 -> 
========================================================================
Received Import Request.
  Time since last request: 173.548148 seconds.
  path: Assets/Scenes
  artifactKey: Guid(0e4b2e9e1554a824f817b8803dd2cf93) Importer(815301076,1909f56bfc062723c751e8b465ee728b)
Start importing Assets/Scenes using Guid(0e4b2e9e1554a824f817b8803dd2cf93) Importer(815301076,1909f56bfc062723c751e8b465ee728b)  -> (artifact id: 'a915be1af0aacbb438e09165821beabb') in 0.006485 seconds 
========================================================================
Received Import Request.
  Time since last request: 0.844188 seconds.
  path: Assets/Scenes/SampleScene.unity
  artifactKey: Guid(4231b4df17b96c149a1a4f2a89d6105a) Importer(815301076,1909f56bfc062723c751e8b465ee728b)
Start importing Assets/Scenes/SampleScene.unity using Guid(4231b4df17b96c149a1a4f2a89d6105a) Importer(815301076,1909f56bfc062723c751e8b465ee728b)  -> (artifact id: 'e52c0f7fb953677a9b0e75b68fc1130d') in 0.002251 seconds 
========================================================================
Received Import Request.
  Time since last request: 31.452636 seconds.
  path: Assets/weatherController.cs
  artifactKey: Guid(01065ec5f0eba8449920fbfe2be47513) Importer(815301076,1909f56bfc062723c751e8b465ee728b)
Start importing Assets/weatherController.cs using Guid(01065ec5f0eba8449920fbfe2be47513) Importer(815301076,1909f56bfc062723c751e8b465ee728b)  -> (artifact id: 'b476abf3247f6580aa53f903f8b5a44d') in 0.103796 seconds 
========================================================================
Received Prepare
Registering precompiled user dll's ...
Registered in 0.006417 seconds.
Begin MonoManager ReloadAssembly
Native extension for WindowsStandalone target not found
Native extension for WebGL target not found
Refreshing native plugins compatible for Editor in 0.63 ms, found 2 plugins.
Preloading 0 native plugins for Editor in 0.00 ms.
Mono: successfully reloaded assembly
- Completed reload, in  1.057 seconds
Domain Reload Profiling:
	ReloadAssembly (1058ms)
		BeginReloadAssembly (127ms)
			ExecutionOrderSort (0ms)
			DisableScriptedObjects (7ms)
			BackupInstance (0ms)
			ReleaseScriptingObjects (0ms)
			CreateAndSetChildDomain (32ms)
		EndReloadAssembly (829ms)
			LoadAssemblies (93ms)
			RebuildTransferFunctionScriptingTraits (0ms)
			SetupTypeCache (205ms)
			ReleaseScriptCaches (1ms)
			RebuildScriptCaches (53ms)
			SetupLoadedEditorAssemblies (430ms)
				LogAssemblyErrors (0ms)
				InitializePlatformSupportModulesInManaged (13ms)
				SetLoadedEditorAssemblies (0ms)
				RefreshPlugins (1ms)
				BeforeProcessingInitializeOnLoad (65ms)
				ProcessInitializeOnLoadAttributes (217ms)
				ProcessInitializeOnLoadMethodAttributes (131ms)
				AfterProcessingInitializeOnLoad (2ms)
				EditorAssembliesLoaded (0ms)
			ExecutionOrderSort2 (0ms)
			AwakeInstancesAfterBackupRestoration (6ms)
Platform modules already initialized, skipping
Refreshing native plugins compatible for Editor in 3.62 ms, found 2 plugins.
Preloading 0 native plugins for Editor in 0.00 ms.
Unloading 2319 Unused Serialized files (Serialized files now loaded: 0)
Unloading 49 unused Assets / (25.6 KB). Loaded Objects now: 2812.
Memory consumption went from 92.7 MB to 92.6 MB.
Total: 5.399800 ms (FindLiveObjects: 0.167700 ms CreateObjectMapping: 0.081700 ms MarkObjects: 5.117700 ms  DeleteObjects: 0.031700 ms)

AssetImportParameters requested are different than current active one (requested -> active):
  custom:video-decoder-ogg-theora: a1e56fd34408186e4bbccfd4996cb3dc -> 
  custom:container-muxer-webm: aa71ff27fc2769a1b78a27578f13a17b -> 
  custom:container-demuxer-webm: 4f35f7cbe854078d1ac9338744f61a02 -> 
  custom:video-encoder-webm-vp8: eb34c28f22e8b96e1ab97ce403110664 -> 
  custom:audio-encoder-webm-vorbis: bf7c407c2cedff20999df2af8eb42d56 -> 
  custom:framework-win-MediaFoundation: 216162199b28c13a410421893ffa2e32 -> 
  custom:container-demuxer-ogg: 62fdf1f143b41e24485cea50d1cbac27 -> 
  custom:video-decoder-webm-vp8: 9c59270c3fd7afecdb556c50c9e8de78 -> 
  custom:audio-decoder-ogg-vorbis: bf7c407c2cedff20999df2af8eb42d56 -> 
